This is pdfTeX, Version 3.1415926-1.40.10 (TeX Live 2009/Debian) (format=pdflatex 2010.5.7)  28 JUN 2010 03:01
entering extended mode
 restricted \write18 enabled.
 %&-line parsing enabled.
**\nonstopmode \input{"/home/switch486/studia/8sem/MAS_DOC_BEG/DOC.tex"}
(/home/switch486/studia/8sem/MAS_DOC_BEG/DOC.tex
(/home/switch486/studia/8sem/MAS_DOC_BEG/iisthesis.cls
Document Class: iisthesis 2006/05/21
(/usr/share/texmf-texlive/tex/latex/mwcls/mwbk.cls
Document Class: mwbk 2009/09/27 v0.74 A LaTeX document class (MW)
*** Beta version. Formatting may change
*** in future versions of this class.
(/usr/share/texmf-texlive/tex/latex/mwcls/mwbk12.clo
File: mwbk12.clo 2009/09/27 v0.74 A document class size option (MW)
)
\@parindent=\dimen102
\c@part=\count79
\c@chapter=\count80
\c@section=\count81
\c@subsection=\count82
\c@subsubsection=\count83
\c@paragraph=\count84
\c@subparagraph=\count85
\c@figure=\count86
\c@table=\count87
\abovecaptionskip=\skip41
\belowcaptionskip=\skip42
\bibindent=\dimen103
)
(/usr/share/texmf-texlive/tex/latex/geometry/geometry.sty
Package: geometry 2008/12/21 v4.2 Page Geometry

(/usr/share/texmf-texlive/tex/latex/graphics/keyval.sty
Package: keyval 1999/03/16 v1.13 key=value parser (DPC)
\KV@toks@=\toks14
)
(/usr/share/texmf-texlive/tex/generic/oberdiek/ifpdf.sty
Package: ifpdf 2009/04/10 v2.0 Provides the ifpdf switch (HO)
Package ifpdf Info: pdfTeX in pdf mode detected.
)
(/usr/share/texmf-texlive/tex/generic/oberdiek/ifvtex.sty
Package: ifvtex 2008/11/04 v1.4 Switches for detecting VTeX and its modes (HO)
Package ifvtex Info: VTeX not detected.
)
\Gm@cnth=\count88
\Gm@cntv=\count89
\c@Gm@tempcnt=\count90
\Gm@bindingoffset=\dimen104
\Gm@wd@mp=\dimen105
\Gm@odd@mp=\dimen106
\Gm@even@mp=\dimen107
\Gm@dimlist=\toks15

(/usr/share/texmf-texlive/tex/xelatex/xetexconfig/geometry.cfg))
(/var/lib/texmf/tex/generic/babel/babel.sty
Package: babel 2008/07/06 v3.8l The Babel package

(/usr/share/texmf-texlive/tex/generic/babel/english.ldf
Language: english 2005/03/30 v3.3o English support from the babel system

(/usr/share/texmf-texlive/tex/generic/babel/babel.def
File: babel.def 2008/07/06 v3.8l Babel common definitions
\babel@savecnt=\count91
\U@D=\dimen108
)
\l@canadian = a dialect from \language\l@american 
\l@australian = a dialect from \language\l@british 
\l@newzealand = a dialect from \language\l@british 
)
(/usr/share/texmf-texlive/tex/generic/babel/polish.ldf
Language: polish 2005/03/31 v1.2l Polish support from the babel system
Package babel Info: Making " an active character on input line 83.
\pl@left=\dimen109
\pl@down=\dimen110
\pl@right=\dimen111
\pl@temp=\dimen112
))
(/usr/share/texmf-texlive/tex/latex/base/inputenc.sty
Package: inputenc 2008/03/30 v1.1d Input encoding file
\inpenc@prehook=\toks16
\inpenc@posthook=\toks17

(/usr/share/texmf-texlive/tex/latex/base/utf8.def
File: utf8.def 2008/04/05 v1.1m UTF-8 support for inputenc
Now handling font encoding OML ...
... no UTF-8 mapping file for font encoding OML
Now handling font encoding T1 ...
... processing UTF-8 mapping file for font encoding T1

(/usr/share/texmf-texlive/tex/latex/base/t1enc.dfu
File: t1enc.dfu 2008/04/05 v1.1m UTF-8 support for inputenc
   defining Unicode char U+00A1 (decimal 161)
   defining Unicode char U+00A3 (decimal 163)
   defining Unicode char U+00AB (decimal 171)
   defining Unicode char U+00BB (decimal 187)
   defining Unicode char U+00BF (decimal 191)
   defining Unicode char U+00C0 (decimal 192)
   defining Unicode char U+00C1 (decimal 193)
   defining Unicode char U+00C2 (decimal 194)
   defining Unicode char U+00C3 (decimal 195)
   defining Unicode char U+00C4 (decimal 196)
   defining Unicode char U+00C5 (decimal 197)
   defining Unicode char U+00C6 (decimal 198)
   defining Unicode char U+00C7 (decimal 199)
   defining Unicode char U+00C8 (decimal 200)
   defining Unicode char U+00C9 (decimal 201)
   defining Unicode char U+00CA (decimal 202)
   defining Unicode char U+00CB (decimal 203)
   defining Unicode char U+00CC (decimal 204)
   defining Unicode char U+00CD (decimal 205)
   defining Unicode char U+00CE (decimal 206)
   defining Unicode char U+00CF (decimal 207)
   defining Unicode char U+00D0 (decimal 208)
   defining Unicode char U+00D1 (decimal 209)
   defining Unicode char U+00D2 (decimal 210)
   defining Unicode char U+00D3 (decimal 211)
   defining Unicode char U+00D4 (decimal 212)
   defining Unicode char U+00D5 (decimal 213)
   defining Unicode char U+00D6 (decimal 214)
   defining Unicode char U+00D8 (decimal 216)
   defining Unicode char U+00D9 (decimal 217)
   defining Unicode char U+00DA (decimal 218)
   defining Unicode char U+00DB (decimal 219)
   defining Unicode char U+00DC (decimal 220)
   defining Unicode char U+00DD (decimal 221)
   defining Unicode char U+00DE (decimal 222)
   defining Unicode char U+00DF (decimal 223)
   defining Unicode char U+00E0 (decimal 224)
   defining Unicode char U+00E1 (decimal 225)
   defining Unicode char U+00E2 (decimal 226)
   defining Unicode char U+00E3 (decimal 227)
   defining Unicode char U+00E4 (decimal 228)
   defining Unicode char U+00E5 (decimal 229)
   defining Unicode char U+00E6 (decimal 230)
   defining Unicode char U+00E7 (decimal 231)
   defining Unicode char U+00E8 (decimal 232)
   defining Unicode char U+00E9 (decimal 233)
   defining Unicode char U+00EA (decimal 234)
   defining Unicode char U+00EB (decimal 235)
   defining Unicode char U+00EC (decimal 236)
   defining Unicode char U+00ED (decimal 237)
   defining Unicode char U+00EE (decimal 238)
   defining Unicode char U+00EF (decimal 239)
   defining Unicode char U+00F0 (decimal 240)
   defining Unicode char U+00F1 (decimal 241)
   defining Unicode char U+00F2 (decimal 242)
   defining Unicode char U+00F3 (decimal 243)
   defining Unicode char U+00F4 (decimal 244)
   defining Unicode char U+00F5 (decimal 245)
   defining Unicode char U+00F6 (decimal 246)
   defining Unicode char U+00F8 (decimal 248)
   defining Unicode char U+00F9 (decimal 249)
   defining Unicode char U+00FA (decimal 250)
   defining Unicode char U+00FB (decimal 251)
   defining Unicode char U+00FC (decimal 252)
   defining Unicode char U+00FD (decimal 253)
   defining Unicode char U+00FE (decimal 254)
   defining Unicode char U+00FF (decimal 255)
   defining Unicode char U+0102 (decimal 258)
   defining Unicode char U+0103 (decimal 259)
   defining Unicode char U+0104 (decimal 260)
   defining Unicode char U+0105 (decimal 261)
   defining Unicode char U+0106 (decimal 262)
   defining Unicode char U+0107 (decimal 263)
   defining Unicode char U+010C (decimal 268)
   defining Unicode char U+010D (decimal 269)
   defining Unicode char U+010E (decimal 270)
   defining Unicode char U+010F (decimal 271)
   defining Unicode char U+0110 (decimal 272)
   defining Unicode char U+0111 (decimal 273)
   defining Unicode char U+0118 (decimal 280)
   defining Unicode char U+0119 (decimal 281)
   defining Unicode char U+011A (decimal 282)
   defining Unicode char U+011B (decimal 283)
   defining Unicode char U+011E (decimal 286)
   defining Unicode char U+011F (decimal 287)
   defining Unicode char U+0130 (decimal 304)
   defining Unicode char U+0131 (decimal 305)
   defining Unicode char U+0132 (decimal 306)
   defining Unicode char U+0133 (decimal 307)
   defining Unicode char U+0139 (decimal 313)
   defining Unicode char U+013A (decimal 314)
   defining Unicode char U+013D (decimal 317)
   defining Unicode char U+013E (decimal 318)
   defining Unicode char U+0141 (decimal 321)
   defining Unicode char U+0142 (decimal 322)
   defining Unicode char U+0143 (decimal 323)
   defining Unicode char U+0144 (decimal 324)
   defining Unicode char U+0147 (decimal 327)
   defining Unicode char U+0148 (decimal 328)
   defining Unicode char U+014A (decimal 330)
   defining Unicode char U+014B (decimal 331)
   defining Unicode char U+0150 (decimal 336)
   defining Unicode char U+0151 (decimal 337)
   defining Unicode char U+0152 (decimal 338)
   defining Unicode char U+0153 (decimal 339)
   defining Unicode char U+0154 (decimal 340)
   defining Unicode char U+0155 (decimal 341)
   defining Unicode char U+0158 (decimal 344)
   defining Unicode char U+0159 (decimal 345)
   defining Unicode char U+015A (decimal 346)
   defining Unicode char U+015B (decimal 347)
   defining Unicode char U+015E (decimal 350)
   defining Unicode char U+015F (decimal 351)
   defining Unicode char U+0160 (decimal 352)
   defining Unicode char U+0161 (decimal 353)
   defining Unicode char U+0162 (decimal 354)
   defining Unicode char U+0163 (decimal 355)
   defining Unicode char U+0164 (decimal 356)
   defining Unicode char U+0165 (decimal 357)
   defining Unicode char U+016E (decimal 366)
   defining Unicode char U+016F (decimal 367)
   defining Unicode char U+0170 (decimal 368)
   defining Unicode char U+0171 (decimal 369)
   defining Unicode char U+0178 (decimal 376)
   defining Unicode char U+0179 (decimal 377)
   defining Unicode char U+017A (decimal 378)
   defining Unicode char U+017B (decimal 379)
   defining Unicode char U+017C (decimal 380)
   defining Unicode char U+017D (decimal 381)
   defining Unicode char U+017E (decimal 382)
   defining Unicode char U+200C (decimal 8204)
   defining Unicode char U+2013 (decimal 8211)
   defining Unicode char U+2014 (decimal 8212)
   defining Unicode char U+2018 (decimal 8216)
   defining Unicode char U+2019 (decimal 8217)
   defining Unicode char U+201A (decimal 8218)
   defining Unicode char U+201C (decimal 8220)
   defining Unicode char U+201D (decimal 8221)
   defining Unicode char U+201E (decimal 8222)
   defining Unicode char U+2030 (decimal 8240)
   defining Unicode char U+2031 (decimal 8241)
   defining Unicode char U+2039 (decimal 8249)
   defining Unicode char U+203A (decimal 8250)
   defining Unicode char U+2423 (decimal 9251)
)
Now handling font encoding OT1 ...
... processing UTF-8 mapping file for font encoding OT1

(/usr/share/texmf-texlive/tex/latex/base/ot1enc.dfu
File: ot1enc.dfu 2008/04/05 v1.1m UTF-8 support for inputenc
   defining Unicode char U+00A1 (decimal 161)
   defining Unicode char U+00A3 (decimal 163)
   defining Unicode char U+00B8 (decimal 184)
   defining Unicode char U+00BF (decimal 191)
   defining Unicode char U+00C5 (decimal 197)
   defining Unicode char U+00C6 (decimal 198)
   defining Unicode char U+00D8 (decimal 216)
   defining Unicode char U+00DF (decimal 223)
   defining Unicode char U+00E6 (decimal 230)
   defining Unicode char U+00EC (decimal 236)
   defining Unicode char U+00ED (decimal 237)
   defining Unicode char U+00EE (decimal 238)
   defining Unicode char U+00EF (decimal 239)
   defining Unicode char U+00F8 (decimal 248)
   defining Unicode char U+0131 (decimal 305)
   defining Unicode char U+0141 (decimal 321)
   defining Unicode char U+0142 (decimal 322)
   defining Unicode char U+0152 (decimal 338)
   defining Unicode char U+0153 (decimal 339)
   defining Unicode char U+2013 (decimal 8211)
   defining Unicode char U+2014 (decimal 8212)
   defining Unicode char U+2018 (decimal 8216)
   defining Unicode char U+2019 (decimal 8217)
   defining Unicode char U+201C (decimal 8220)
   defining Unicode char U+201D (decimal 8221)
)
Now handling font encoding OMS ...
... processing UTF-8 mapping file for font encoding OMS

(/usr/share/texmf-texlive/tex/latex/base/omsenc.dfu
File: omsenc.dfu 2008/04/05 v1.1m UTF-8 support for inputenc
   defining Unicode char U+00A7 (decimal 167)
   defining Unicode char U+00B6 (decimal 182)
   defining Unicode char U+00B7 (decimal 183)
   defining Unicode char U+2020 (decimal 8224)
   defining Unicode char U+2021 (decimal 8225)
   defining Unicode char U+2022 (decimal 8226)
)
Now handling font encoding OMX ...
... no UTF-8 mapping file for font encoding OMX
Now handling font encoding U ...
... no UTF-8 mapping file for font encoding U
   defining Unicode char U+00A9 (decimal 169)
   defining Unicode char U+00AA (decimal 170)
   defining Unicode char U+00AE (decimal 174)
   defining Unicode char U+00BA (decimal 186)
   defining Unicode char U+02C6 (decimal 710)
   defining Unicode char U+02DC (decimal 732)
   defining Unicode char U+200C (decimal 8204)
   defining Unicode char U+2026 (decimal 8230)
   defining Unicode char U+2122 (decimal 8482)
   defining Unicode char U+2423 (decimal 9251)
))
(/usr/share/texmf-texlive/tex/latex/colortbl/colortbl.sty
Package: colortbl 2001/02/13 v0.1j Color table columns (DPC)

(/usr/share/texmf-texlive/tex/latex/tools/array.sty
Package: array 2008/09/09 v2.4c Tabular extension package (FMi)
\col@sep=\dimen113
\extrarowheight=\dimen114
\NC@list=\toks18
\extratabsurround=\skip43
\backup@length=\skip44
)
(/usr/share/texmf-texlive/tex/latex/graphics/color.sty
Package: color 2005/11/14 v1.0j Standard LaTeX Color (DPC)

(/etc/texmf/tex/latex/config/color.cfg
File: color.cfg 2007/01/18 v1.5 color configuration of teTeX/TeXLive
)
Package color Info: Driver file: pdftex.def on input line 130.

(/usr/share/texmf-texlive/tex/latex/pdftex-def/pdftex.def
File: pdftex.def 2009/08/25 v0.04m Graphics/color for pdfTeX
\Gread@gobject=\count92
))
\everycr=\toks19
\minrowclearance=\skip45
)
(/usr/share/texmf-texlive/tex/latex/multirow/multirow.sty
\bigstrutjot=\dimen115
)
(/usr/share/texmf-texlive/tex/latex/tools/theorem.sty
Package: theorem 1995/11/23 v2.2c Theorem extension package (FMi)
\theorem@style=\toks20
\theorem@bodyfont=\toks21
\theorempreskipamount=\skip46
\theorempostskipamount=\skip47

(/usr/share/texmf-texlive/tex/latex/tools/thp.sty
File: thp.sty 1995/11/23 v2.2c Theorem extension package (FMi)
))
(/usr/share/texmf-texlive/tex/latex/graphics/graphicx.sty
Package: graphicx 1999/02/16 v1.0f Enhanced LaTeX Graphics (DPC,SPQR)

(/usr/share/texmf-texlive/tex/latex/graphics/graphics.sty
Package: graphics 2009/02/05 v1.0o Standard LaTeX Graphics (DPC,SPQR)

(/usr/share/texmf-texlive/tex/latex/graphics/trig.sty
Package: trig 1999/03/16 v1.09 sin cos tan (DPC)
)
(/etc/texmf/tex/latex/config/graphics.cfg
File: graphics.cfg 2009/08/28 v1.8 graphics configuration of TeX Live
)
Package graphics Info: Driver file: pdftex.def on input line 91.
)
\Gin@req@height=\dimen116
\Gin@req@width=\dimen117
)
(/usr/share/texmf-texlive/tex/latex/fancyhdr/fancyhdr.sty
\fancy@headwidth=\skip48
\f@ncyO@elh=\skip49
\f@ncyO@erh=\skip50
\f@ncyO@olh=\skip51
\f@ncyO@orh=\skip52
\f@ncyO@elf=\skip53
\f@ncyO@erf=\skip54
\f@ncyO@olf=\skip55
\f@ncyO@orf=\skip56
)
(/usr/share/texmf-texlive/tex/latex/hyperref/hyperref.sty
Package: hyperref 2009/10/09 v6.79a Hypertext links for LaTeX

(/usr/share/texmf-texlive/tex/generic/ifxetex/ifxetex.sty
Package: ifxetex 2009/01/23 v0.5 Provides ifxetex conditional
)
(/usr/share/texmf-texlive/tex/latex/oberdiek/hycolor.sty
Package: hycolor 2009/10/02 v1.5 Code for color options of hyperref/bookmark (H
O)

(/usr/share/texmf-texlive/tex/latex/oberdiek/xcolor-patch.sty
Package: xcolor-patch 2009/10/02 xcolor patch
))
\@linkdim=\dimen118
\Hy@linkcounter=\count93
\Hy@pagecounter=\count94

(/usr/share/texmf-texlive/tex/latex/hyperref/pd1enc.def
File: pd1enc.def 2009/10/09 v6.79a Hyperref: PDFDocEncoding definition (HO)
Now handling font encoding PD1 ...
... no UTF-8 mapping file for font encoding PD1
)
(/usr/share/texmf-texlive/tex/generic/oberdiek/etexcmds.sty
Package: etexcmds 2007/12/12 v1.2 Prefix for e-TeX command names (HO)

(/usr/share/texmf-texlive/tex/generic/oberdiek/infwarerr.sty
Package: infwarerr 2007/09/09 v1.2 Providing info/warning/message (HO)
)
Package etexcmds Info: Could not find \expanded.
(etexcmds)             That can mean that you are not using pdfTeX 1.50 or
(etexcmds)             that some package has redefined \expanded.
(etexcmds)             In the latter case, load this package earlier.
)
(/usr/share/texmf-texlive/tex/latex/latexconfig/hyperref.cfg
File: hyperref.cfg 2002/06/06 v1.2 hyperref configuration of TeXLive
)
(/usr/share/texmf-texlive/tex/latex/oberdiek/kvoptions.sty
Package: kvoptions 2009/08/13 v3.4 Keyval support for LaTeX options (HO)

(/usr/share/texmf-texlive/tex/generic/oberdiek/kvsetkeys.sty
Package: kvsetkeys 2009/07/30 v1.5 Key value parser with default handler suppor
t (HO)
))
Package hyperref Info: Option `plainpages' set `false' on input line 2864.
Package hyperref Info: Option `bookmarks' set `true' on input line 2864.
Package hyperref Info: Option `bookmarksnumbered' set `true' on input line 2864
.
Package hyperref Info: Option `breaklinks' set `true' on input line 2864.
Package hyperref Info: Option `colorlinks' set `false' on input line 2864.
Package hyperref Info: Hyper figures OFF on input line 2975.
Package hyperref Info: Link nesting OFF on input line 2980.
Package hyperref Info: Hyper index ON on input line 2983.
Package hyperref Info: Plain pages OFF on input line 2990.
Package hyperref Info: Backreferencing OFF on input line 2995.

Implicit mode ON; LaTeX internals redefined
Package hyperref Info: Bookmarks ON on input line 3191.
(/usr/share/texmf-texlive/tex/latex/ltxmisc/url.sty
\Urlmuskip=\muskip10
Package: url 2006/04/12  ver 3.3  Verb mode for urls, etc.
)
LaTeX Info: Redefining \url on input line 3428.

(/usr/share/texmf-texlive/tex/generic/oberdiek/bitset.sty
Package: bitset 2007/09/28 v1.0 Data type bit set (HO)

(/usr/share/texmf-texlive/tex/generic/oberdiek/intcalc.sty
Package: intcalc 2007/09/27 v1.1 Expandable integer calculations (HO)
)
(/usr/share/texmf-texlive/tex/generic/oberdiek/bigintcalc.sty
Package: bigintcalc 2007/11/11 v1.1 Expandable big integer calculations (HO)

(/usr/share/texmf-texlive/tex/generic/oberdiek/pdftexcmds.sty
Package: pdftexcmds 2009/09/23 v0.6 LuaTeX support for pdfTeX utility functions
 (HO)

(/usr/share/texmf-texlive/tex/generic/oberdiek/ifluatex.sty
Package: ifluatex 2009/04/17 v1.2 Provides the ifluatex switch (HO)
Package ifluatex Info: LuaTeX not detected.
)
(/usr/share/texmf-texlive/tex/generic/oberdiek/ltxcmds.sty
Package: ltxcmds 2009/08/05 v1.0 Some LaTeX kernel commands for general use (HO
)
)
Package pdftexcmds Info: LuaTeX not detected.
Package pdftexcmds Info: \pdf@primitive is available.
Package pdftexcmds Info: \pdf@ifprimitive is available.
)))
\Fld@menulength=\count95
\Field@Width=\dimen119
\Fld@charsize=\dimen120
\Field@toks=\toks22
Package hyperref Info: Hyper figures OFF on input line 4377.
Package hyperref Info: Link nesting OFF on input line 4382.
Package hyperref Info: Hyper index ON on input line 4385.
Package hyperref Info: backreferencing OFF on input line 4392.
Package hyperref Info: Link coloring OFF on input line 4397.
Package hyperref Info: Link coloring with OCG OFF on input line 4402.
Package hyperref Info: PDF/A mode OFF on input line 4407.

(/usr/share/texmf-texlive/tex/generic/oberdiek/atbegshi.sty
Package: atbegshi 2008/07/31 v1.9 At begin shipout hook (HO)
)
\Hy@abspage=\count96
\c@Item=\count97
\c@Hfootnote=\count98
)
*hyperref using driver hpdftex*
(/usr/share/texmf-texlive/tex/latex/hyperref/hpdftex.def
File: hpdftex.def 2009/10/09 v6.79a Hyperref driver for pdfTeX
\Fld@listcount=\count99
)
\fnBreite=\skip57

(/usr/share/texmf-texlive/tex/latex/tools/thb.sty
File: thb.sty 1995/11/23 v2.2c Theorem extension package (FMi)
)
\c@definition=\count100
)
(/usr/share/texmf-texlive/tex/latex/base/fontenc.sty
Package: fontenc 2005/09/27 v1.99g Standard LaTeX package

(/usr/share/texmf-texlive/tex/latex/base/t1enc.def
File: t1enc.def 2005/09/27 v1.99g Standard LaTeX file
LaTeX Font Info:    Redeclaring font encoding T1 on input line 43.
))
(/usr/share/texmf-texlive/tex/latex/amsmath/amsmath.sty
Package: amsmath 2000/07/18 v2.13 AMS math features
\@mathmargin=\skip58

For additional information on amsmath, use the `?' option.
(/usr/share/texmf-texlive/tex/latex/amsmath/amstext.sty
Package: amstext 2000/06/29 v2.01

(/usr/share/texmf-texlive/tex/latex/amsmath/amsgen.sty
File: amsgen.sty 1999/11/30 v2.0
\@emptytoks=\toks23
\ex@=\dimen121
))
(/usr/share/texmf-texlive/tex/latex/amsmath/amsbsy.sty
Package: amsbsy 1999/11/29 v1.2d
\pmbraise@=\dimen122
)
(/usr/share/texmf-texlive/tex/latex/amsmath/amsopn.sty
Package: amsopn 1999/12/14 v2.01 operator names
)
\inf@bad=\count101
LaTeX Info: Redefining \frac on input line 211.
\uproot@=\count102
\leftroot@=\count103
LaTeX Info: Redefining \overline on input line 307.
\classnum@=\count104
\DOTSCASE@=\count105
LaTeX Info: Redefining \ldots on input line 379.
LaTeX Info: Redefining \dots on input line 382.
LaTeX Info: Redefining \cdots on input line 467.
\Mathstrutbox@=\box26
\strutbox@=\box27
\big@size=\dimen123
LaTeX Font Info:    Redeclaring font encoding OML on input line 567.
LaTeX Font Info:    Redeclaring font encoding OMS on input line 568.
\macc@depth=\count106
\c@MaxMatrixCols=\count107
\dotsspace@=\muskip11
\c@parentequation=\count108
\dspbrk@lvl=\count109
\tag@help=\toks24
\row@=\count110
\column@=\count111
\maxfields@=\count112
\andhelp@=\toks25
\eqnshift@=\dimen124
\alignsep@=\dimen125
\tagshift@=\dimen126
\tagwidth@=\dimen127
\totwidth@=\dimen128
\lineht@=\dimen129
\@envbody=\toks26
\multlinegap=\skip59
\multlinetaggap=\skip60
\mathdisplay@stack=\toks27
LaTeX Info: Redefining \[ on input line 2666.
LaTeX Info: Redefining \] on input line 2667.
)
(/usr/share/texmf-texlive/tex/latex/listings/listings.sty
\lst@mode=\count113
\lst@gtempboxa=\box28
\lst@token=\toks28
\lst@length=\count114
\lst@currlwidth=\dimen130
\lst@column=\count115
\lst@pos=\count116
\lst@lostspace=\dimen131
\lst@width=\dimen132
\lst@newlines=\count117
\lst@lineno=\count118
\lst@maxwidth=\dimen133

(/usr/share/texmf-texlive/tex/latex/listings/lstmisc.sty
File: lstmisc.sty 2007/02/22 1.4 (Carsten Heinz)
\c@lstnumber=\count119
\lst@skipnumbers=\count120
\lst@framebox=\box29
)
(/usr/share/texmf-texlive/tex/latex/listings/listings.cfg
File: listings.cfg 2007/02/22 1.4 listings configuration
))
Package: listings 2007/02/22 1.4 (Carsten Heinz)

(/usr/share/texmf-texlive/tex/latex/algorithms/algorithmic.sty
Package: algorithmic 2009/08/24 v0.1 Document Style `algorithmic'

(/usr/share/texmf-texlive/tex/latex/base/ifthen.sty
Package: ifthen 2001/05/26 v1.1c Standard LaTeX ifthen package (DPC)
)
\c@ALC@unique=\count121
\c@ALC@line=\count122
\c@ALC@rem=\count123
\c@ALC@depth=\count124
\ALC@tlm=\skip61
\algorithmicindent=\skip62
)
(/home/switch486/studia/8sem/MAS_DOC_BEG/algorithm.sty
Package: algorithm 2009/08/24 v0.1 Document Style `algorithm' - floating enviro
nment

(/usr/share/texmf-texlive/tex/latex/float/float.sty
Package: float 2001/11/08 v1.3d Float enhancements (AL)
\c@float@type=\count125
\float@exts=\toks29
\float@box=\box30
\@float@everytoks=\toks30
\@floatcapt=\box31
)
\@float@every@algorithm=\toks31
\c@algorithm=\count126
)
(/usr/share/texmf-texlive/tex/latex/subfig/subfig.sty
Package: subfig 2005/06/28 ver: 1.3 subfig package

(/usr/share/texmf-texlive/tex/latex/caption/caption.sty
Package: caption 2009/10/09 v3.1k Customizing captions (AR)

(/usr/share/texmf-texlive/tex/latex/caption/caption3.sty
Package: caption3 2009/10/09 v3.1k caption3 kernel (AR)
\captionmargin=\dimen134
\captionmargin@=\dimen135
\captionwidth=\dimen136
\caption@indent=\dimen137
\caption@parindent=\dimen138
\caption@hangindent=\dimen139
Package caption Info: Unknown document class (or package),
(caption)             standard defaults will be used on input line 1068.
)

Package caption Warning: Unsupported document class (or package) detected,
(caption)                usage of the caption package is not recommended.
See the caption package documentation for explanation.

Package caption Info: \@makecaption = \long macro:#1#2->\addvspace \abovecaptio
nskip \bgroup \centeredlast #1.\enspace #2\par \egroup \vskip \belowcaptionskip
 .
\c@ContinuedFloat=\count127
Package caption Info: float package is loaded.
Package caption Info: hyperref package is loaded.
Package caption Info: listings package is loaded.
)
\c@KVtest=\count128
\sf@farskip=\skip63
\sf@captopadj=\dimen140
\sf@capskip=\skip64
\sf@nearskip=\skip65
\c@subfigure=\count129
\c@subfigure@save=\count130
\c@lofdepth=\count131
\c@subtable=\count132
\c@subtable@save=\count133
\c@lotdepth=\count134
\sf@top=\skip66
\sf@bottom=\skip67
) (/home/switch486/studia/8sem/MAS_DOC_BEG/amssymb.sty
Package: amssymb 2009/06/22 v3.00

(/usr/share/texmf-texlive/tex/latex/amsfonts/amsfonts.sty
Package: amsfonts 2009/06/22 v3.00 Basic AMSFonts support
\symAMSa=\mathgroup4
\symAMSb=\mathgroup5
LaTeX Font Info:    Overwriting math alphabet `\mathfrak' in version `bold'
(Font)                  U/euf/m/n --> U/euf/b/n on input line 96.
))
(/usr/share/texmf-texlive/tex/latex/fancyvrb/fancyvrb.sty
Package: fancyvrb 2008/02/07

Style option: `fancyvrb' v2.7a, with DG/SPQR fixes, and firstline=lastline fix 
<2008/02/07> (tvz)
\FV@CodeLineNo=\count135
\FV@InFile=\read1
\FV@TabBox=\box32
\c@FancyVerbLine=\count136
\FV@StepNumber=\count137
\FV@OutFile=\write3
) (/usr/share/texmf-texlive/tex/latex/graphics/lscape.sty
Package: lscape 2000/10/22 v3.01 Landscape Pages (DPC)
)
(/usr/share/texmf-texlive/tex/latex/base/latexsym.sty
Package: latexsym 1998/08/17 v2.2e Standard LaTeX package (lasy symbols)
\symlasy=\mathgroup6
LaTeX Font Info:    Overwriting symbol font `lasy' in version `bold'
(Font)                  U/lasy/m/n --> U/lasy/b/n on input line 47.
)
(/usr/share/texmf-texlive/tex/latex/rotating/rotating.sty
Package: rotating 2009/03/28 v2.16a rotated objects in LaTeX
\c@r@tfl@t=\count138
\rotFPtop=\skip68
\rotFPbot=\skip69
\rot@float@box=\box33
\rot@mess@toks=\toks32
)
(/usr/share/texmf-texlive/tex/latex/fmtcount/fmtcount.sty
Package: fmtcount 2009/10/02 v1.31
\c@padzeroesN=\count139

(/usr/share/texmf-texlive/tex/latex/fmtcount/fc-english.def
File: fc-english 2007/05/26
)
(/usr/share/texmf-texlive/tex/latex/fmtcount/fc-UKenglish.def
File: fc-UKenglish 2007/06/14
)
(/usr/share/texmf-texlive/tex/latex/fmtcount/fc-british.def
File: fc-british 2007/06/14
)
(/usr/share/texmf-texlive/tex/latex/fmtcount/fc-USenglish.def
File: fc-USenglish 2007/06/14
)
(/usr/share/texmf-texlive/tex/latex/fmtcount/fc-spanish.def
File: fc-spanish.def 2007/05/26
)
(/usr/share/texmf-texlive/tex/latex/fmtcount/fc-portuges.def
File: fc-portuges.def 2007/05/26
)
(/usr/share/texmf-texlive/tex/latex/fmtcount/fc-french.def
File: fc-french.def 2007/05/26
)
(/usr/share/texmf-texlive/tex/latex/fmtcount/fc-german.def
File: fc-german.def 2007/06/14
)
(/usr/share/texmf-texlive/tex/latex/fmtcount/fc-italian.def
File: fc-italian.def 2009/10/02 Italian support for fmtcount (Edoardo Pasca)
)
No configuration file fmtcount.cfg found.
\@DT@modctr=\count140
\@ordinalctr=\count141
\@orgargctr=\count142
\@strctr=\count143
\@tmpstrctr=\count144
\@DT@loopN=\count145
\@DT@X=\count146
) (/home/switch486/studia/8sem/MAS_DOC_BEG/DOC.aux)
\openout1 = `DOC.aux'.

LaTeX Font Info:    Checking defaults for OML/cmm/m/it on input line 46.
LaTeX Font Info:    ... okay on input line 46.
LaTeX Font Info:    Checking defaults for T1/cmr/m/n on input line 46.
LaTeX Font Info:    ... okay on input line 46.
LaTeX Font Info:    Checking defaults for OT1/cmr/m/n on input line 46.
LaTeX Font Info:    ... okay on input line 46.
LaTeX Font Info:    Checking defaults for OMS/cmsy/m/n on input line 46.
LaTeX Font Info:    ... okay on input line 46.
LaTeX Font Info:    Checking defaults for OMX/cmex/m/n on input line 46.
LaTeX Font Info:    ... okay on input line 46.
LaTeX Font Info:    Checking defaults for U/cmr/m/n on input line 46.
LaTeX Font Info:    ... okay on input line 46.
LaTeX Font Info:    Checking defaults for PD1/pdf/m/n on input line 46.
LaTeX Font Info:    ... okay on input line 46.

*geometry auto-detecting driver*
*geometry detected driver: pdftex*
-------------------- Geometry parameters
paper: a4paper
landscape: --
twocolumn: --
twoside: true
asymmetric: --
h-parts: 71.13188pt, 441.01775pt, 71.13188pt
v-parts: 99.58464pt, 674.33032pt, 71.13188pt
hmarginratio: --
vmarginratio: --
lines: --
heightrounded: --
bindingoffset: 14.22636pt
truedimen: --
includehead: --
includefoot: --
includemp: --
driver: pdftex
-------------------- Page layout dimensions and switches
\paperwidth  597.50787pt
\paperheight 845.04684pt
\textwidth  441.01775pt
\textheight 674.33032pt
\oddsidemargin  13.08826pt
\evensidemargin -1.1381pt
\topmargin  -4.25717pt
\headheight 14.5pt
\headsep    17.07182pt
\footskip   29.0pt
\marginparwidth 0.0pt
\marginparsep   0.0pt
\columnsep  25.6802pt
\skip\footins  10.8pt plus 4.0pt minus 2.0pt
\hoffset 0.0pt
\voffset 0.0pt
\mag 1000
\@twosidetrue \@mparswitchtrue 
(1in=72.27pt, 1cm=28.45pt)
-----------------------
(/usr/share/texmf/tex/context/base/supp-pdf.mkii
[Loading MPS to PDF converter (version 2006.09.02).]
\scratchcounter=\count147
\scratchdimen=\dimen141
\scratchbox=\box34
\nofMPsegments=\count148
\nofMParguments=\count149
\everyMPshowfont=\toks33
\MPscratchCnt=\count150
\MPscratchDim=\dimen142
\MPnumerator=\count151
\everyMPtoPDFconversion=\toks34
)
Package hyperref Info: Link coloring OFF on input line 46.
 (/usr/share/texmf-texlive/tex/latex/hyperref/nameref.sty
Package: nameref 2007/05/29 v2.31 Cross-referencing by name of section

(/usr/share/texmf-texlive/tex/latex/oberdiek/refcount.sty
Package: refcount 2008/08/11 v3.1 Data extraction from references (HO)
)
\c@section@level=\count152
)
LaTeX Info: Redefining \ref on input line 46.
LaTeX Info: Redefining \pageref on input line 46.

(/home/switch486/studia/8sem/MAS_DOC_BEG/DOC.out)
(/home/switch486/studia/8sem/MAS_DOC_BEG/DOC.out)
\@outlinefile=\write4
\openout4 = `DOC.out'.

\AtBeginShipoutBox=\box35
\c@lstlisting=\count153
Package caption Info: Begin \AtBeginDocument code.
Package caption3 Info: subfig package 1.2 or 1.3 is loaded.
LaTeX Info: Redefining \subref on input line 46.
Package caption Info: rotating package is loaded.
Package caption Info: End \AtBeginDocument code.

<logos/pwr.png, id=123, 543.02875pt x 115.43124pt>
File: logos/pwr.png Graphic file (type png)
 <use logos/pwr.png>
LaTeX Font Info:    Try loading font information for U+msa on input line 71.

(/usr/share/texmf-texlive/tex/latex/amsfonts/umsa.fd
File: umsa.fd 2009/06/22 v3.00 AMS symbols A
)
LaTeX Font Info:    Try loading font information for U+msb on input line 71.

(/usr/share/texmf-texlive/tex/latex/amsfonts/umsb.fd
File: umsb.fd 2009/06/22 v3.00 AMS symbols B
)
LaTeX Font Info:    Try loading font information for U+lasy on input line 71.

(/usr/share/texmf-texlive/tex/latex/base/ulasy.fd
File: ulasy.fd 1998/08/17 v2.2e LaTeX symbol font definitions
)
Overfull \hbox (11.931pt too wide) in alignment at lines 71--71
[][][] 
 []

[1

{/var/lib/texmf/fonts/map/pdftex/updmap/pdftex.map} </home/switch486/studia/8se
m/MAS_DOC_BEG/logos/pwr.png>]
Underfull \hbox (badness 10000) in paragraph at lines 71--71

 []

[2

] (/home/switch486/studia/8sem/MAS_DOC_BEG/DOC.toc)
\tf@toc=\write5
\openout5 = `DOC.toc'.

 [3

] [4

]
(/home/switch486/studia/8sem/MAS_DOC_BEG/startup.tex
Underfull \hbox (badness 10000) in paragraph at lines 1--2

 []

) [1




] [2

]
Rozdzia\l  1.
(/home/switch486/studia/8sem/MAS_DOC_BEG/chap1.tex [3]
Underfull \hbox (badness 10000) in paragraph at lines 24--25

 []


Underfull \hbox (badness 10000) in paragraph at lines 26--27

 []


Underfull \hbox (badness 10000) in paragraph at lines 28--31

 []

[4]
Underfull \hbox (badness 10000) in paragraph at lines 36--37

 []


Underfull \hbox (badness 10000) in paragraph at lines 49--50

 []

<images/HandW.png, id=234, 604.50844pt x 457.71pt>
File: images/HandW.png Graphic file (type png)
 <use images/HandW.png>
Underfull \hbox (badness 10000) in paragraph at lines 58--59

 []

[5]
Underfull \vbox (badness 10000) has occurred while \output is active []

 [6 </home/switch486/studia/8sem/MAS_DOC_BEG/images/HandW.png (PNG copy)>]
Underfull \hbox (badness 10000) in paragraph at lines 60--61

 []


Underfull \hbox (badness 10000) in paragraph at lines 62--63

 []


Underfull \hbox (badness 10000) in paragraph at lines 68--69

 []


Underfull \hbox (badness 10000) in paragraph at lines 70--71

 []


Underfull \hbox (badness 10000) in paragraph at lines 78--79

 []


Underfull \vbox (badness 2205) has occurred while \output is active []

 [7]
Underfull \hbox (badness 10000) in paragraph at lines 80--81

 []

[8]
Rozdzia\l  2.

Underfull \hbox (badness 10000) in paragraph at lines 88--89

 []

(/home/switch486/studia/8sem/MAS_DOC_BEG/SEC.tex
Underfull \hbox (badness 10000) in paragraph at lines 7--8

 []

[9

] <images/DICONEX_EX.png, id=271, 380.17032pt x 621.82312pt>
File: images/DICONEX_EX.png Graphic file (type png)

<use images/DICONEX_EX.png>
<images/DICONEX_EX_RES.png, id=274, 577.40718pt x 328.97906pt>
File: images/DICONEX_EX_RES.png Graphic file (type png)

<use images/DICONEX_EX_RES.png>
Underfull \hbox (badness 10000) in paragraph at lines 41--42

 []

[10]
Underfull \hbox (badness 10000) in paragraph at lines 43--44

 []


Underfull \hbox (badness 10000) in paragraph at lines 45--46

 []


Underfull \vbox (badness 10000) has occurred while \output is active []

 [11 </home/switch486/studia/8sem/MAS_DOC_BEG/images/DICONEX_EX.png (PNG copy)>
])
(/home/switch486/studia/8sem/MAS_DOC_BEG/VFA.tex
Underfull \hbox (badness 10000) in paragraph at lines 4--5

 []


Underfull \hbox (badness 10000) in paragraph at lines 6--7

 []

<images/vfa_model.png, id=307, 646.66594pt x 293.59688pt>
File: images/vfa_model.png Graphic file (type png)

<use images/vfa_model.png>
Underfull \hbox (badness 10000) in paragraph at lines 28--29

 []

[12 </home/switch486/studia/8sem/MAS_DOC_BEG/images/DICONEX_EX_RES.png (PNG cop
y)>]
Underfull \hbox (badness 10000) in paragraph at lines 34--35

 []

<images/vfa_model_neurons.png, id=327, 460.72125pt x 246.9225pt>
File: images/vfa_model_neurons.png Graphic file (type png)

<use images/vfa_model_neurons.png>
<images/vfa_model_results.png, id=330, 475.02469pt x 329.73187pt>
File: images/vfa_model_results.png Graphic file (type png)

<use images/vfa_model_results.png>)
(/home/switch486/studia/8sem/MAS_DOC_BEG/HYPERCOLUMN.tex
Underfull \hbox (badness 10000) in paragraph at lines 4--5

 []


Underfull \vbox (badness 10000) has occurred while \output is active []

 [13 </home/switch486/studia/8sem/MAS_DOC_BEG/images/vfa_model.png (PNG copy)>]

<images/Hypercolumn.png, id=341, 517.935pt x 648.92438pt>
File: images/Hypercolumn.png Graphic file (type png)

<use images/Hypercolumn.png>
Underfull \hbox (badness 10000) in paragraph at lines 15--16

 []


Underfull \vbox (badness 10000) has occurred while \output is active []

 [14 </home/switch486/studia/8sem/MAS_DOC_BEG/images/vfa_model_neurons.png (PNG
 copy)> </home/switch486/studia/8sem/MAS_DOC_BEG/images/vfa_model_results.png (
PNG copy)>] [15 </home/switch486/studia/8sem/MAS_DOC_BEG/images/Hypercolumn.png
 (PNG copy)>]) (/home/switch486/studia/8sem/MAS_DOC_BEG/LI.tex
<images/li_hypercolumn.png, id=369, 380.92313pt x 321.45094pt>
File: images/li_hypercolumn.png Graphic file (type png)

<use images/li_hypercolumn.png>
<images/li_arch.png, id=372, 381.26112pt x 227.87173pt>
File: images/li_arch.png Graphic file (type png)

<use images/li_arch.png> [16 </home/switch486/studia/8sem/MAS_DOC_BEG/images/li
_hypercolumn.png (PNG copy)>]
Underfull \hbox (badness 10000) in paragraph at lines 25--29

 []

<images/li_field.png, id=386, 243.35817pt x 369.46194pt>
File: images/li_field.png Graphic file (type png)

<use images/li_field.png>
Underfull \hbox (badness 10000) in paragraph at lines 37--38

 []

<images/li_out.png, id=390, 564.14847pt x 413.70888pt>
File: images/li_out.png Graphic file (type png)
 <use images/li_out.png>
Underfull \hbox (badness 10000) in paragraph at lines 46--47

 []


Underfull \vbox (badness 10000) has occurred while \output is active []

 [17 </home/switch486/studia/8sem/MAS_DOC_BEG/images/li_arch.png (PNG copy)>]
Underfull \hbox (badness 10000) in paragraph at lines 56--58

 []


Underfull \hbox (badness 10000) in paragraph at lines 60--61

 []

[18 </home/switch486/studia/8sem/MAS_DOC_BEG/images/li_field.png (PNG copy)>])
(/home/switch486/studia/8sem/MAS_DOC_BEG/SPIKE.tex
<images/spike_model.png, id=417, 589.4522pt x 143.03438pt>
File: images/spike_model.png Graphic file (type png)

<use images/spike_model.png>
<images/spike_model_results.png, id=420, 403.5075pt x 585.68813pt>
File: images/spike_model_results.png Graphic file (type png)

<use images/spike_model_results.png>
Underfull \hbox (badness 10000) in paragraph at lines 33--34

 []

[19 </home/switch486/studia/8sem/MAS_DOC_BEG/images/li_out.png (PNG copy)>]
Underfull \hbox (badness 10000) in paragraph at lines 35--36

 []


Underfull \hbox (badness 10000) in paragraph at lines 37--38

 []


Underfull \hbox (badness 10000) in paragraph at lines 39--40

 []


Underfull \vbox (badness 1184) has occurred while \output is active []

 [20 </home/switch486/studia/8sem/MAS_DOC_BEG/images/spike_model.png>])
(/home/switch486/studia/8sem/MAS_DOC_BEG/GPC.tex
Underfull \hbox (badness 10000) in paragraph at lines 4--5

 []


Underfull \hbox (badness 10000) in paragraph at lines 6--7

 []

[21 </home/switch486/studia/8sem/MAS_DOC_BEG/images/spike_model_results.png (PN
G copy)>]
Underfull \hbox (badness 10000) in paragraph at lines 8--9

 []


Underfull \hbox (badness 10000) in paragraph at lines 13--14

 []

<images/gpc_ef.png, id=457, 548.0475pt x 235.63031pt>
File: images/gpc_ef.png Graphic file (type png)
 <use images/gpc_ef.png>
<images/gpc_2ef.png, id=462, 516.42938pt x 380.92313pt>
File: images/gpc_2ef.png Graphic file (type png)

<use images/gpc_2ef.png> [22 </home/switch486/studia/8sem/MAS_DOC_BEG/images/gp
c_ef.png (PNG copy)>]
<images/gpc_res_1.png, id=475, 586.44093pt x 176.91093pt>
File: images/gpc_res_1.png Graphic file (type png)

<use images/gpc_res_1.png>
<images/gpc_res_2.png, id=478, 614.295pt x 173.89969pt>
File: images/gpc_res_2.png Graphic file (type png)

<use images/gpc_res_2.png> [23 </home/switch486/studia/8sem/MAS_DOC_BEG/images/
gpc_2ef.png (PNG copy)> </home/switch486/studia/8sem/MAS_DOC_BEG/images/gpc_res
_1.png (PNG copy)>]
<images/gpc_res_model_in.png, id=493, 154.32657pt x 152.82094pt>
File: images/gpc_res_model_in.png Graphic file (type png)

<use images/gpc_res_model_in.png>
<images/gpc_res_model.png, id=494, 150.5625pt x 151.3153pt>
File: images/gpc_res_model.png Graphic file (type png)

<use images/gpc_res_model.png>)
(/home/switch486/studia/8sem/MAS_DOC_BEG/POGGIO.tex
Underfull \hbox (badness 10000) in paragraph at lines 7--8

 []


Underfull \hbox (badness 10000) in paragraph at lines 9--10

 []

[24 </home/switch486/studia/8sem/MAS_DOC_BEG/images/gpc_res_2.png> </home/switc
h486/studia/8sem/MAS_DOC_BEG/images/gpc_res_model_in.png (PNG copy)> </home/swi
tch486/studia/8sem/MAS_DOC_BEG/images/gpc_res_model.png (PNG copy)>]
<images/patent_model.png, id=518, 536.75531pt x 884.55469pt>
File: images/patent_model.png Graphic file (type png)

<use images/patent_model.png>
<images/Poggio_book_struct.png, id=521, 687.31781pt x 998.9822pt>
File: images/Poggio_book_struct.png Graphic file (type png)

<use images/Poggio_book_struct.png>
<images/patent_model_scale.png, id=524, 560.8453pt x 781.41937pt>
File: images/patent_model_scale.png Graphic file (type png)

<use images/patent_model_scale.png>
LaTeX Font Info:    Try loading font information for T1+cmtt on input line 32.

(/usr/share/texmf-texlive/tex/latex/base/t1cmtt.fd
File: t1cmtt.fd 1999/05/25 v2.5h Standard LaTeX font definitions
)
Underfull \hbox (badness 10000) in paragraph at lines 32--33

 []

<images/Poggio_model_implementation.png, id=531, 490.83376pt x 629.35126pt>
File: images/Poggio_model_implementation.png Graphic file (type png)

<use images/Poggio_model_implementation.png>
Underfull \hbox (badness 10000) in paragraph at lines 41--42

 []


Underfull \hbox (badness 10000) in paragraph at lines 43--44

 []


Underfull \hbox (badness 10000) in paragraph at lines 45--46

 []


Underfull \hbox (badness 10000) in paragraph at lines 47--48

 []


Underfull \vbox (badness 10000) has occurred while \output is active []

 [25]
Underfull \hbox (badness 10000) in paragraph at lines 49--50

 []


Underfull \hbox (badness 10000) in paragraph at lines 56--57

 []


Underfull \hbox (badness 10000) in paragraph at lines 58--59

 []

<images/CB_mona_lisa.png, id=553, 704.6325pt x 210.03468pt>
File: images/CB_mona_lisa.png Graphic file (type png)

<use images/CB_mona_lisa.png>)
\c@Lcount=\count154
 [26]
Overfull \hbox (3.02586pt too wide) in paragraph at lines 160--162
[]\T1/cmr/bx/n/12 Klasyfikacja wy-dzie-lo-nych obiek-tów \T1/cmr/m/n/12 -- przy
-pi-sa-nie od-na-le-zio-nemu obiek-
 []

) [27] [28 </home/switch486/studia/8sem/MAS_DOC_BEG/images/patent_model.png (PN
G copy)>] [29 </home/switch486/studia/8sem/MAS_DOC_BEG/images/Poggio_book_struc
t.png (PNG copy)>] [30 </home/switch486/studia/8sem/MAS_DOC_BEG/images/patent_m
odel_scale.png (PNG copy)>] [31 </home/switch486/studia/8sem/MAS_DOC_BEG/images
/Poggio_model_implementation.png (PNG copy)>] [32 </home/switch486/studia/8sem/
MAS_DOC_BEG/images/CB_mona_lisa.png (PNG copy)>]
Dodatek A.
(/home/switch486/studia/8sem/MAS_DOC_BEG/aGabor.tex
Underfull \hbox (badness 10000) in paragraph at lines 6--9

 []


Underfull \hbox (badness 10000) in paragraph at lines 10--11

 []

[33

] [34] <images/carrier.png, id=634, 1606.0pt x 803.0pt>
File: images/carrier.png Graphic file (type png)

<use images/carrier.png> [35 </home/switch486/studia/8sem/MAS_DOC_BEG/images/ca
rrier.png (PNG copy)>] <images/envelope.png, id=650, 1606.0pt x 803.0pt>
File: images/envelope.png Graphic file (type png)

<use images/envelope.png>
<images/gaborFunction.png, id=651, 1606.0pt x 803.0pt>
File: images/gaborFunction.png Graphic file (type png)

<use images/gaborFunction.png>
Underfull \hbox (badness 10000) in paragraph at lines 133--134

 []

Package hyperref Info: bookmark level for unknown algorithm defaults to 0 on in
put line 136.
(/home/switch486/studia/8sem/MAS_DOC_BEG/algorithms/filter.algorithm)
Underfull \hbox (badness 10000) in paragraph at lines 141--142

 []

[36 </home/switch486/studia/8sem/MAS_DOC_BEG/images/envelope.png (PNG copy)>]
<images/filtering_example/simple.png, id=668, 401.5pt x 401.5pt>
File: images/filtering_example/simple.png Graphic file (type png)

<use images/filtering_example/simple.png> [37 </home/switch486/studia/8sem/MAS_
DOC_BEG/images/gaborFunction.png> </home/switch486/studia/8sem/MAS_DOC_BEG/imag
es/filtering_example/simple.png>]
(/home/switch486/studia/8sem/MAS_DOC_BEG/algorithms/filterspeedup.algorithm)
<images/filtering_example/one.png, id=690, 401.5pt x 401.5pt>
File: images/filtering_example/one.png Graphic file (type png)

<use images/filtering_example/one.png>
<images/filtering_example/000.png, id=691, 401.5pt x 401.5pt>
File: images/filtering_example/000.png Graphic file (type png)

<use images/filtering_example/000.png>
<images/filtering_example/001.png, id=692, 401.5pt x 401.5pt>
File: images/filtering_example/001.png Graphic file (type png)

<use images/filtering_example/001.png>
<images/filtering_example/002.png, id=693, 401.5pt x 401.5pt>
File: images/filtering_example/002.png Graphic file (type png)

<use images/filtering_example/002.png>
<images/filtering_example/003.png, id=694, 401.5pt x 401.5pt>
File: images/filtering_example/003.png Graphic file (type png)

<use images/filtering_example/003.png>
<images/filtering_example/004.png, id=695, 401.5pt x 401.5pt>
File: images/filtering_example/004.png Graphic file (type png)

<use images/filtering_example/004.png>
<images/filtering_example/005.png, id=696, 401.5pt x 401.5pt>
File: images/filtering_example/005.png Graphic file (type png)

<use images/filtering_example/005.png>
<images/filtering_example/006.png, id=697, 401.5pt x 401.5pt>
File: images/filtering_example/006.png Graphic file (type png)

<use images/filtering_example/006.png>
<images/filtering_example/007.png, id=698, 401.5pt x 401.5pt>
File: images/filtering_example/007.png Graphic file (type png)

<use images/filtering_example/007.png>
<images/filtering_example/008.png, id=699, 401.5pt x 401.5pt>
File: images/filtering_example/008.png Graphic file (type png)

<use images/filtering_example/008.png>
<images/filtering_example/009.png, id=700, 401.5pt x 401.5pt>
File: images/filtering_example/009.png Graphic file (type png)

<use images/filtering_example/009.png>

LaTeX Warning: Float too large for page by 5.39159pt on input line 179.


Underfull \hbox (badness 10000) in paragraph at lines 181--182

 []

[38]
File: images/filtering_example/one.png Graphic file (type png)
 <use images/filtering_example/one.png>
<images/filtering_example/join.png, id=731, 401.5pt x 401.5pt>
File: images/filtering_example/join.png Graphic file (type png)

<use images/filtering_example/join.png>
<images/filtering_example/asdf.JPG, id=737, 443.6575pt x 481.8pt>
File: images/filtering_example/asdf.JPG Graphic file (type jpg)

<use images/filtering_example/asdf.JPG>
<images/filtering_example/100.png, id=738, 443.6575pt x 481.8pt>
File: images/filtering_example/100.png Graphic file (type png)

<use images/filtering_example/100.png>
<images/filtering_example/102.png, id=739, 443.6575pt x 481.8pt>
File: images/filtering_example/102.png Graphic file (type png)

<use images/filtering_example/102.png>
<images/filtering_example/myself2.JPG, id=740, 443.6575pt x 481.8pt>
File: images/filtering_example/myself2.JPG Graphic file (type jpg)

<use images/filtering_example/myself2.JPG>
<images/filtering_example/101.png, id=741, 443.6575pt x 481.8pt>
File: images/filtering_example/101.png Graphic file (type png)

<use images/filtering_example/101.png>
<images/filtering_example/103.png, id=742, 443.6575pt x 481.8pt>
File: images/filtering_example/103.png Graphic file (type png)

<use images/filtering_example/103.png>) [39] [40 </home/switch486/studia/8sem/M
AS_DOC_BEG/images/filtering_example/one.png (PNG copy)> </home/switch486/studia
/8sem/MAS_DOC_BEG/images/filtering_example/000.png> </home/switch486/studia/8se
m/MAS_DOC_BEG/images/filtering_example/001.png> </home/switch486/studia/8sem/MA
S_DOC_BEG/images/filtering_example/002.png> </home/switch486/studia/8sem/MAS_DO
C_BEG/images/filtering_example/003.png> </home/switch486/studia/8sem/MAS_DOC_BE
G/images/filtering_example/004.png> </home/switch486/studia/8sem/MAS_DOC_BEG/im
ages/filtering_example/005.png> </home/switch486/studia/8sem/MAS_DOC_BEG/images
/filtering_example/006.png> </home/switch486/studia/8sem/MAS_DOC_BEG/images/fil
tering_example/007.png> </home/switch486/studia/8sem/MAS_DOC_BEG/images/filteri
ng_example/008.png> </home/switch486/studia/8sem/MAS_DOC_BEG/images/filtering_e
xample/009.png>] [41 </home/switch486/studia/8sem/MAS_DOC_BEG/images/filtering_
example/join.png> </home/switch486/studia/8sem/MAS_DOC_BEG/images/filtering_exa
mple/asdf.JPG> </home/switch486/studia/8sem/MAS_DOC_BEG/images/filtering_exampl
e/100.png> </home/switch486/studia/8sem/MAS_DOC_BEG/images/filtering_example/10
2.png> </home/switch486/studia/8sem/MAS_DOC_BEG/images/filtering_example/myself
2.JPG> </home/switch486/studia/8sem/MAS_DOC_BEG/images/filtering_example/101.pn
g> </home/switch486/studia/8sem/MAS_DOC_BEG/images/filtering_example/103.png>]
[42

] (/home/switch486/studia/8sem/MAS_DOC_BEG/DOC.lof [43])
\tf@lof=\write6
\openout6 = `DOC.lof'.

 [44]
(/home/switch486/studia/8sem/MAS_DOC_BEG/DOC.lot)
\tf@lot=\write7
\openout7 = `DOC.lot'.

 [45

] [46

]
(/home/switch486/studia/8sem/MAS_DOC_BEG/DOC.loa)
\tf@loa=\write8
\openout8 = `DOC.loa'.


(/home/switch486/studia/8sem/MAS_DOC_BEG/DOC.bbl [47] [48

]
Underfull \vbox (badness 10000) has occurred while \output is active []

 [49])
[50] (/home/switch486/studia/8sem/MAS_DOC_BEG/DOC.aux) ) 
Here is how much of TeX's memory you used:
 11057 strings out of 493848
 164740 string characters out of 1152824
 283627 words of memory out of 3000000
 13739 multiletter control sequences out of 15000+50000
 24476 words of font info for 70 fonts, out of 3000000 for 9000
 714 hyphenation exceptions out of 8191
 46i,19n,45p,2758b,841s stack positions out of 5000i,500n,10000p,200000b,50000s
pdfTeX warning (dest): 
name{algorithm.2} has been referenced but does not exist, replaced by a fixed o
ne

pdfTeX warning (dest): name{algorithm.1} has been referenced but does not exist
, replaced by a fixed one

{/usr/share/texmf/fonts/enc/dvips/cm-super/cm-super-t1.enc}</usr/share/texmf-te
xlive/fonts/type1/public/amsfonts/cm/cmex10.pfb></usr/share/texmf-texlive/fonts
/type1/public/amsfonts/cm/cmmi10.pfb></usr/share/texmf-texlive/fonts/type1/publ
ic/amsfonts/cm/cmmi12.pfb></usr/share/texmf-texlive/fonts/type1/public/amsfonts
/cm/cmmi8.pfb></usr/share/texmf-texlive/fonts/type1/public/amsfonts/cm/cmr10.pf
b></usr/share/texmf-texlive/fonts/type1/public/amsfonts/cm/cmr12.pfb></usr/shar
e/texmf-texlive/fonts/type1/public/amsfonts/cm/cmr7.pfb></usr/share/texmf-texli
ve/fonts/type1/public/amsfonts/cm/cmr8.pfb></usr/share/texmf-texlive/fonts/type
1/public/amsfonts/cm/cmsy10.pfb></usr/share/texmf-texlive/fonts/type1/public/am
sfonts/cm/cmsy6.pfb></usr/share/texmf-texlive/fonts/type1/public/amsfonts/cm/cm
sy8.pfb></usr/share/texmf/fonts/type1/public/cm-super/sfbx1095.pfb></usr/share/
texmf/fonts/type1/public/cm-super/sfbx1200.pfb></usr/share/texmf/fonts/type1/pu
blic/cm-super/sfbx1440.pfb></usr/share/texmf/fonts/type1/public/cm-super/sfbx17
28.pfb></usr/share/texmf/fonts/type1/public/cm-super/sfbx2488.pfb></usr/share/t
exmf/fonts/type1/public/cm-super/sfcc1728.pfb></usr/share/texmf/fonts/type1/pub
lic/cm-super/sfrm0800.pfb></usr/share/texmf/fonts/type1/public/cm-super/sfrm100
0.pfb></usr/share/texmf/fonts/type1/public/cm-super/sfrm1095.pfb></usr/share/te
xmf/fonts/type1/public/cm-super/sfrm1200.pfb></usr/share/texmf/fonts/type1/publ
ic/cm-super/sfrm1440.pfb></usr/share/texmf/fonts/type1/public/cm-super/sfrm1728
.pfb></usr/share/texmf/fonts/type1/public/cm-super/sfti0800.pfb></usr/share/tex
mf/fonts/type1/public/cm-super/sfti1095.pfb></usr/share/texmf/fonts/type1/publi
c/cm-super/sfti1200.pfb></usr/share/texmf/fonts/type1/public/cm-super/sftt1200.
pfb>
Output written on DOC.pdf (54 pages, 4244553 bytes).
PDF statistics:
 1070 PDF objects out of 1200 (max. 8388607)
 244 named destinations out of 1000 (max. 500000)
 476 words of extra memory for PDF output out of 10000 (max. 10000000)

