\BOOKMARK [0][-]{section*.3}{Wprowadzenie}{}
\BOOKMARK [0][-]{section*.4}{Rozdzia\233 1. Biologiczne podstawy pracy}{}
\BOOKMARK [1][-]{section.1.1}{1.1. \040M\363zg cz\233owieka}{section*.4}
\BOOKMARK [1][-]{section.1.2}{1.2. \040Wydzielone obszary w m\363zgu}{section*.4}
\BOOKMARK [1][-]{section.1.3}{1.3. \040Kora wzrokowa}{section*.4}
\BOOKMARK [1][-]{section.1.4}{1.4. \040O wzroku s\233\363w kilka}{section*.4}
\BOOKMARK [1][-]{section.1.5}{1.5. \040Struktura kory wzrokowej}{section*.4}
\BOOKMARK [2][-]{subsection.1.5.1}{1.5.1. \040Pierwszorzedowa kora wzrokowa \205 V1}{section.1.5}
\BOOKMARK [2][-]{subsection.1.5.2}{1.5.2. \040Pozosta\233e warstwy kory wzrokowej}{section.1.5}
\BOOKMARK [0][-]{section*.6}{Rozdzia\233 2. Modele kory wzrokowej z zastosowaniem praktycznym}{}
\BOOKMARK [1][-]{section.2.1}{2.1. \040Ekstrakcja i integracja kontur\363w}{section*.6}
\BOOKMARK [2][-]{subsection.2.1.1}{2.1.1. \040Ekstrakcja kontur\363w z obrazu}{section.2.1}
\BOOKMARK [2][-]{subsection.2.1.2}{2.1.2. \040Tablica cech wizualnych \205 VFA}{section.2.1}
\BOOKMARK [2][-]{subsection.2.1.3}{2.1.3. \040Hiperkolumna}{section.2.1}
\BOOKMARK [2][-]{subsection.2.1.4}{2.1.4. \040Integracja kontur\363w w pierwszorzedowej korze wzrokowej}{section.2.1}
\BOOKMARK [2][-]{subsection.2.1.5}{2.1.5. \040Integracja kontur\363w modelem integrate-and-fire}{section.2.1}
\BOOKMARK [2][-]{subsection.2.1.6}{2.1.6. \040@@@@integracja GPC}{section.2.1}
\BOOKMARK [2][-]{subsection.2.1.7}{2.1.7. \040@@@@integracja RV1}{section.2.1}
\BOOKMARK [2][-]{subsection.2.1.8}{2.1.8. \040@@@@integracja CDCI}{section.2.1}
\BOOKMARK [2][-]{subsection.2.1.9}{2.1.9. \040@@@@integracja AC}{section.2.1}
\BOOKMARK [2][-]{subsection.2.1.10}{2.1.10. \040@@@@integracja POGGIO}{section.2.1}
\BOOKMARK [0][-]{section*.24}{Dodatek A. Filtr Gabora}{}
\BOOKMARK [1][-]{section.A.1}{A.1. \040Teoria}{section*.24}
\BOOKMARK [2][-]{subsection.A.1.1}{A.1.1. \040Funkcja Gabora}{section.A.1}
\BOOKMARK [2][-]{subsection.A.1.2}{A.1.2. \040Filtr Gabora}{section.A.1}
\BOOKMARK [2][-]{subsection.A.1.3}{A.1.3. \040Przyk\233ad filtrowania}{section.A.1}
\BOOKMARK [1][-]{section.A.2}{A.2. \040Dyskusja i wnioski}{section*.24}
\BOOKMARK [0][-]{section*.35}{Spis rysunk\363w}{}
\BOOKMARK [0][-]{section*.37}{Spis tablic}{}
\BOOKMARK [0][-]{section*.39}{Spis Algorytm\363w}{}
\BOOKMARK [0][-]{section*.41}{Bibliografia}{}
